<?xml version="1.0" encoding="UTF-8"?>
<testng-results skipped="0" failed="0" ignored="0" total="2" passed="2">
  <reporter-output>
    <line>
      <![CDATA[click on sign in button]]>
    </line>
    <line>
      <![CDATA[Enter emailId[[ChromeDriver: chrome on WINDOWS (9ab002c1de3e25a10b3de0e37193a239)] -> id: user[email]]]]>
    </line>
    <line>
      <![CDATA[Enter password[[ChromeDriver: chrome on WINDOWS (9ab002c1de3e25a10b3de0e37193a239)] -> id: user[password]]]]>
    </line>
    <line>
      <![CDATA[Clicking on sign Button[[ChromeDriver: chrome on WINDOWS (9ab002c1de3e25a10b3de0e37193a239)] -> xpath: //button[contains(text(),'Sign in')]]]]>
    </line>
    <line>
      <![CDATA[verify error message]]>
    </line>
    <line>
      <![CDATA[click on sign in button]]>
    </line>
    <line>
      <![CDATA[ get welcome text]]>
    </line>
  </reporter-output>
  <suite name="testsuite" duration-ms="29558" started-at="2022-12-13T20:19:28 GMT" finished-at="2022-12-13T20:19:58 GMT">
    <groups>
      <group name="regression">
        <method signature="LoginTest.verifyTheErrorMessage()[pri:0, instance:com.ultimateqacourses.testsuite.LoginTest@10dba097]" name="verifyTheErrorMessage" class="com.ultimateqacourses.testsuite.LoginTest"/>
        <method signature="LoginTest.verifyUserShouldNavigateToLoginPageSuccessfully()[pri:0, instance:com.ultimateqacourses.testsuite.LoginTest@10dba097]" name="verifyUserShouldNavigateToLoginPageSuccessfully" class="com.ultimateqacourses.testsuite.LoginTest"/>
      </group> <!-- regression -->
      <group name="smoke">
        <method signature="LoginTest.verifyTheErrorMessage()[pri:0, instance:com.ultimateqacourses.testsuite.LoginTest@10dba097]" name="verifyTheErrorMessage" class="com.ultimateqacourses.testsuite.LoginTest"/>
      </group> <!-- smoke -->
      <group name="sanity">
        <method signature="LoginTest.verifyUserShouldNavigateToLoginPageSuccessfully()[pri:0, instance:com.ultimateqacourses.testsuite.LoginTest@10dba097]" name="verifyUserShouldNavigateToLoginPageSuccessfully" class="com.ultimateqacourses.testsuite.LoginTest"/>
      </group> <!-- sanity -->
    </groups>
    <test name="Login Test" duration-ms="29558" started-at="2022-12-13T20:19:28 GMT" finished-at="2022-12-13T20:19:58 GMT">
      <class name="com.ultimateqacourses.testsuite.LoginTest">
        <test-method status="PASS" signature="setUp()[pri:0, instance:com.ultimateqacourses.testsuite.LoginTest@10dba097]" name="setUp" is-config="true" duration-ms="5027" started-at="2022-12-13T20:19:29 GMT" finished-at="2022-12-13T20:19:34 GMT">
          <reporter-output>
          </reporter-output>
        </test-method> <!-- setUp -->
        <test-method status="PASS" signature="inIt()[pri:0, instance:com.ultimateqacourses.testsuite.LoginTest@10dba097]" name="inIt" is-config="true" duration-ms="24" started-at="2022-12-13T20:19:34 GMT" finished-at="2022-12-13T20:19:34 GMT">
          <reporter-output>
          </reporter-output>
        </test-method> <!-- inIt -->
        <test-method status="PASS" signature="inIt1()[pri:0, instance:com.ultimateqacourses.testsuite.LoginTest@10dba097]" name="inIt1" is-config="true" duration-ms="1" started-at="2022-12-13T20:19:34 GMT" finished-at="2022-12-13T20:19:34 GMT">
          <reporter-output>
          </reporter-output>
        </test-method> <!-- inIt1 -->
        <test-method status="PASS" signature="verifyTheErrorMessage()[pri:0, instance:com.ultimateqacourses.testsuite.LoginTest@10dba097]" name="verifyTheErrorMessage" duration-ms="17174" started-at="2022-12-13T20:19:34 GMT" finished-at="2022-12-13T20:19:51 GMT">
          <reporter-output>
            <line>
              <![CDATA[click on sign in button]]>
            </line>
            <line>
              <![CDATA[Enter emailId[[ChromeDriver: chrome on WINDOWS (9ab002c1de3e25a10b3de0e37193a239)] -> id: user[email]]]]>
            </line>
            <line>
              <![CDATA[Enter password[[ChromeDriver: chrome on WINDOWS (9ab002c1de3e25a10b3de0e37193a239)] -> id: user[password]]]]>
            </line>
            <line>
              <![CDATA[Clicking on sign Button[[ChromeDriver: chrome on WINDOWS (9ab002c1de3e25a10b3de0e37193a239)] -> xpath: //button[contains(text(),'Sign in')]]]]>
            </line>
            <line>
              <![CDATA[verify error message]]>
            </line>
          </reporter-output>
        </test-method> <!-- verifyTheErrorMessage -->
        <test-method status="PASS" signature="teadDoen()[pri:0, instance:com.ultimateqacourses.testsuite.LoginTest@10dba097]" name="teadDoen" is-config="true" duration-ms="693" started-at="2022-12-13T20:19:51 GMT" finished-at="2022-12-13T20:19:52 GMT">
          <reporter-output>
          </reporter-output>
        </test-method> <!-- teadDoen -->
        <test-method status="PASS" signature="setUp()[pri:0, instance:com.ultimateqacourses.testsuite.LoginTest@10dba097]" name="setUp" is-config="true" duration-ms="4225" started-at="2022-12-13T20:19:52 GMT" finished-at="2022-12-13T20:19:56 GMT">
          <reporter-output>
          </reporter-output>
        </test-method> <!-- setUp -->
        <test-method status="PASS" signature="inIt()[pri:0, instance:com.ultimateqacourses.testsuite.LoginTest@10dba097]" name="inIt" is-config="true" duration-ms="1" started-at="2022-12-13T20:19:56 GMT" finished-at="2022-12-13T20:19:56 GMT">
          <reporter-output>
          </reporter-output>
        </test-method> <!-- inIt -->
        <test-method status="PASS" signature="verifyUserShouldNavigateToLoginPageSuccessfully()[pri:0, instance:com.ultimateqacourses.testsuite.LoginTest@10dba097]" name="verifyUserShouldNavigateToLoginPageSuccessfully" duration-ms="1355" started-at="2022-12-13T20:19:56 GMT" finished-at="2022-12-13T20:19:57 GMT">
          <reporter-output>
            <line>
              <![CDATA[click on sign in button]]>
            </line>
            <line>
              <![CDATA[ get welcome text]]>
            </line>
          </reporter-output>
        </test-method> <!-- verifyUserShouldNavigateToLoginPageSuccessfully -->
        <test-method status="PASS" signature="inIt1()[pri:0, instance:com.ultimateqacourses.testsuite.LoginTest@10dba097]" name="inIt1" is-config="true" duration-ms="0" started-at="2022-12-13T20:19:56 GMT" finished-at="2022-12-13T20:19:56 GMT">
          <reporter-output>
          </reporter-output>
        </test-method> <!-- inIt1 -->
        <test-method status="PASS" signature="teadDoen()[pri:0, instance:com.ultimateqacourses.testsuite.LoginTest@10dba097]" name="teadDoen" is-config="true" duration-ms="660" started-at="2022-12-13T20:19:57 GMT" finished-at="2022-12-13T20:19:58 GMT">
          <reporter-output>
          </reporter-output>
        </test-method> <!-- teadDoen -->
      </class> <!-- com.ultimateqacourses.testsuite.LoginTest -->
    </test> <!-- Login Test -->
  </suite> <!-- testsuite -->
</testng-results>
