<?xml version="1.0" encoding="UTF-8"?>
<!-- Generated by org.testng.reporters.JUnitXMLReporter -->
<testsuite hostname="ASUS" ignored="0" name="Login Test" tests="2" failures="0" timestamp="2022-12-13T20:19:58 GMT" time="29.558" errors="0">
  <testcase name="verifyTheErrorMessage" time="17.174" classname="com.ultimateqacourses.testsuite.LoginTest"/>
  <testcase name="verifyUserShouldNavigateToLoginPageSuccessfully" time="1.355" classname="com.ultimateqacourses.testsuite.LoginTest"/>
</testsuite> <!-- Login Test -->
